<?xml version="1.0" encoding="UTF-8"?>
<!-- Generated by org.testng.reporters.JUnitReportReporter -->
<testsuite skipped="0" hostname="DESKTOP-U278980" name="com.nopcommerece.testCases.TC_AddCustomerTest_003" tests="1" failures="0" timestamp="2020-08-16T18:40:13 EDT" time="39.985" errors="0">
  <testcase name="addNewCustomer" time="39.985" classname="com.nopcommerece.testCases.TC_AddCustomerTest_003"/>
  <system-out/>
</testsuite> <!-- com.nopcommerece.testCases.TC_AddCustomerTest_003 -->
