<?xml version="1.0" encoding="UTF-8"?>
<!-- Generated by org.testng.reporters.JUnitReportReporter -->
<testsuite skipped="0" hostname="DESKTOP-U278980" name="com.nopcommerece.testCases.TC_LoginDDT_002" tests="4" failures="0" timestamp="2020-08-14T20:40:59 EDT" time="35.965" errors="0">
  <testcase name="loginTest" time="6.660" classname="com.nopcommerece.testCases.TC_LoginDDT_002"/>
  <system-out/>
  <testcase name="loginTest" time="16.000" classname="com.nopcommerece.testCases.TC_LoginDDT_002"/>
  <system-out/>
  <testcase name="loginTest" time="6.682" classname="com.nopcommerece.testCases.TC_LoginDDT_002"/>
  <system-out/>
  <testcase name="loginTest" time="6.623" classname="com.nopcommerece.testCases.TC_LoginDDT_002"/>
  <system-out/>
</testsuite> <!-- com.nopcommerece.testCases.TC_LoginDDT_002 -->
