<?xml version="1.0" encoding="UTF-8"?>
<!-- Generated by org.testng.reporters.JUnitReportReporter -->
<testsuite skipped="0" hostname="DESKTOP-U278980" name="com.nopcommerece.testCases.TC_SearchCustomerByName_005" tests="1" failures="0" timestamp="2020-08-16T18:30:36 EDT" time="25.401" errors="0">
  <testcase name="searchCustomerbyName" time="25.401" classname="com.nopcommerece.testCases.TC_SearchCustomerByName_005"/>
  <system-out/>
</testsuite> <!-- com.nopcommerece.testCases.TC_SearchCustomerByName_005 -->
