<?xml version="1.0" encoding="UTF-8"?>
<!-- Generated by org.testng.reporters.JUnitReportReporter -->
<testsuite skipped="0" hostname="DESKTOP-U278980" name="com.nopcommerece.testCases.TC_AddCustomerTest_003" tests="1" failures="0" timestamp="2020-08-17T16:14:43 EDT" time="32.777" errors="0">
  <testcase name="addNewCustomer" time="32.777" classname="com.nopcommerece.testCases.TC_AddCustomerTest_003"/>
  <system-out/>
</testsuite> <!-- com.nopcommerece.testCases.TC_AddCustomerTest_003 -->
